TN:
SF:src\App.js
FN:5,App
FN:8,(anonymous_1)
FNF:2
FNH:2
FNDA:2,App
FNDA:1,(anonymous_1)
DA:6,2
DA:8,2
DA:9,1
DA:10,1
DA:13,2
LF:5
LH:5
BRF:0
BRH:0
end_of_record
TN:
SF:src\components\TodoList.js
FN:3,TodoList
FN:6,(anonymous_1)
FNF:2
FNH:2
FNDA:2,TodoList
FNDA:2,(anonymous_1)
DA:4,2
DA:7,2
LF:2
LH:2
BRF:0
BRH:0
end_of_record
TN:
SF:src\utils\api.js
FN:1,(anonymous_0)
FN:3,(anonymous_1)
FN:4,(anonymous_2)
FNF:3
FNH:3
FNDA:1,(anonymous_0)
FNDA:1,(anonymous_1)
FNDA:1,(anonymous_2)
DA:1,2
DA:3,1
DA:4,1
LF:3
LH:3
BRF:0
BRH:0
end_of_record
